0 info it worked if it ends with ok
1 verbose cli [ 'C:\\Program Files (x86)\\nodejs\\\\node.exe',
1 verbose cli   'C:\\Program Files (x86)\\nodejs\\node_modules\\npm\\bin\\npm-cli.js',
1 verbose cli   'install',
1 verbose cli   '-g',
1 verbose cli   'bcrypt' ]
2 info using npm@1.4.3
3 info using node@v0.10.26
4 verbose node symlink C:\Program Files (x86)\nodejs\\node.exe
5 verbose cache add [ 'bcrypt', null ]
6 verbose cache add name=undefined spec="bcrypt" args=["bcrypt",null]
7 verbose parsed url { protocol: null,
7 verbose parsed url   slashes: null,
7 verbose parsed url   auth: null,
7 verbose parsed url   host: null,
7 verbose parsed url   port: null,
7 verbose parsed url   hostname: null,
7 verbose parsed url   hash: null,
7 verbose parsed url   search: null,
7 verbose parsed url   query: null,
7 verbose parsed url   pathname: 'bcrypt',
7 verbose parsed url   path: 'bcrypt',
7 verbose parsed url   href: 'bcrypt' }
8 silly lockFile 51684124-bcrypt bcrypt
9 verbose lock bcrypt C:\Users\osamah\AppData\Roaming\npm-cache\51684124-bcrypt.lock
10 silly lockFile 51684124-bcrypt bcrypt
11 silly lockFile 51684124-bcrypt bcrypt
12 verbose addNamed [ 'bcrypt', '' ]
13 verbose addNamed [ null, '*' ]
14 silly lockFile 1351601c-bcrypt bcrypt@
15 verbose lock bcrypt@ C:\Users\osamah\AppData\Roaming\npm-cache\1351601c-bcrypt.lock
16 silly addNameRange { name: 'bcrypt', range: '*', hasData: false }
17 verbose url raw bcrypt
18 verbose url resolving [ 'https://registry.npmjs.org/', './bcrypt' ]
19 verbose url resolved https://registry.npmjs.org/bcrypt
20 info trying registry request attempt 1 at 16:18:25
21 verbose etag "376RJ2GCNPNQNGAMBFMDGL33E"
22 http GET https://registry.npmjs.org/bcrypt
23 http 304 https://registry.npmjs.org/bcrypt
24 silly registry.get cb [ 304,
24 silly registry.get   { date: 'Mon, 28 Apr 2014 20:18:27 GMT',
24 silly registry.get     server: 'Apache',
24 silly registry.get     via: '1.1 varnish',
24 silly registry.get     'last-modified': 'Mon, 28 Apr 2014 20:18:27 GMT',
24 silly registry.get     'cache-control': 'max-age=1',
24 silly registry.get     etag: '"376RJ2GCNPNQNGAMBFMDGL33E"',
24 silly registry.get     'x-served-by': 'cache-jfk1025-JFK',
24 silly registry.get     'x-cache': 'HIT',
24 silly registry.get     'x-cache-hits': '1',
24 silly registry.get     'x-timer': 'S1398716307.078406811,VS0,VE8',
24 silly registry.get     vary: 'Accept',
24 silly registry.get     'content-length': '0',
24 silly registry.get     'keep-alive': 'timeout=10, max=50',
24 silly registry.get     connection: 'Keep-Alive' } ]
25 verbose etag bcrypt from cache
26 silly addNameRange number 2 { name: 'bcrypt', range: '*', hasData: true }
27 silly addNameRange versions [ 'bcrypt',
27 silly addNameRange   [ '0.1.2',
27 silly addNameRange     '0.2.0',
27 silly addNameRange     '0.2.1',
27 silly addNameRange     '0.1.3',
27 silly addNameRange     '0.2.2',
27 silly addNameRange     '0.2.3',
27 silly addNameRange     '0.2.4',
27 silly addNameRange     '0.3.0',
27 silly addNameRange     '0.3.1',
27 silly addNameRange     '0.3.2',
27 silly addNameRange     '0.4.0',
27 silly addNameRange     '0.4.1',
27 silly addNameRange     '0.5.0',
27 silly addNameRange     '0.6.0',
27 silly addNameRange     '0.7.0',
27 silly addNameRange     '0.7.1',
27 silly addNameRange     '0.7.2',
27 silly addNameRange     '0.7.3',
27 silly addNameRange     '0.7.4',
27 silly addNameRange     '0.7.5',
27 silly addNameRange     '0.7.6',
27 silly addNameRange     '0.7.7',
27 silly addNameRange     '0.7.8' ] ]
28 verbose addNamed [ 'bcrypt', '0.7.8' ]
29 verbose addNamed [ '0.7.8', '0.7.8' ]
30 silly lockFile 764f2767-bcrypt-0-7-8 bcrypt@0.7.8
31 verbose lock bcrypt@0.7.8 C:\Users\osamah\AppData\Roaming\npm-cache\764f2767-bcrypt-0-7-8.lock
32 silly lockFile 764f2767-bcrypt-0-7-8 bcrypt@0.7.8
33 silly lockFile 764f2767-bcrypt-0-7-8 bcrypt@0.7.8
34 silly lockFile 1351601c-bcrypt bcrypt@
35 silly lockFile 1351601c-bcrypt bcrypt@
36 silly resolved [ { name: 'bcrypt',
36 silly resolved     description: 'A bcrypt library for NodeJS.',
36 silly resolved     keywords:
36 silly resolved      [ 'bcrypt',
36 silly resolved        'password',
36 silly resolved        'auth',
36 silly resolved        'authentication',
36 silly resolved        'encryption',
36 silly resolved        'crypt',
36 silly resolved        'crypto' ],
36 silly resolved     main: './bcrypt',
36 silly resolved     version: '0.7.8',
36 silly resolved     author: { name: 'Nick Campbell', url: 'https://github.com/ncb000gt' },
36 silly resolved     engines: { node: '>= 0.6.0' },
36 silly resolved     repository:
36 silly resolved      { type: 'git',
36 silly resolved        url: 'https://github.com/ncb000gt/node.bcrypt.js.git' },
36 silly resolved     licenses: [ [Object] ],
36 silly resolved     bugs: { url: 'https://github.com/ncb000gt/node.bcrypt.js/issues' },
36 silly resolved     scripts:
36 silly resolved      { test: 'node-gyp configure build && nodeunit test',
36 silly resolved        install: 'node-gyp rebuild' },
36 silly resolved     dependencies: { bindings: '1.0.0' },
36 silly resolved     devDependencies: { nodeunit: '>=0.6.4' },
36 silly resolved     contributors:
36 silly resolved      [ [Object],
36 silly resolved        [Object],
36 silly resolved        [Object],
36 silly resolved        [Object],
36 silly resolved        [Object],
36 silly resolved        [Object],
36 silly resolved        [Object],
36 silly resolved        [Object],
36 silly resolved        [Object],
36 silly resolved        [Object],
36 silly resolved        [Object],
36 silly resolved        [Object],
36 silly resolved        [Object],
36 silly resolved        [Object] ],
36 silly resolved     gypfile: true,
36 silly resolved     readme: '# node.bcrypt.js\n\n[![Build Status](https://secure.travis-ci.org/ncb000gt/node.bcrypt.js.png)](http://travis-ci.org/#!/ncb000gt/node.bcrypt.js) \n\nLib to help you hash passwords.\n[bcrypt on wikipedia][bcryptwiki]\n\nCatalyst for this module: [How To Safely Store A Password][codahale]\n\n## If You Are Submitting Bugs/Issues\n\nFirst, make sure that the version of node you are using is a _stable_ version. You\'ll know this because it\'ll have an even major release number. We do not currently support unstable versions and while the module may happen to work on some unstable versions you\'ll find that we quickly close issues if you\'re not using a stable version.\n\nIf you are on a stable version of node, we can\'t magically know what you are doing to expose an issue, it is best if you provide a snippet of code or log files if you\'re having an install issue. This snippet need not include your secret sauce, but it must replicate the issue you are describing. The issues that get closed without resolution tend to be the ones that don\'t help us help you. Thanks.\n\n\n## Version Compatibility\n\n| Node Version | Bcrypt Version |\n| ---- | ---- |\n| <= 0.4.x | <= 0.4.x |\n| >= 0.6.x | >= 0.5.x |\n\nWindows users should make sure to have at least node 0.8.5 installed and version >= 0.7.1 of this module.  \n`node-gyp` only works with stable/released versions of node. Since the `bcrypt` module uses `node-gyp` to build and install you\'ll need a stable version of node to use bcrypt. If you do not you\'ll likely see an error that starts with:\n\n    gyp ERR! stack Error: "pre" versions of node cannot be installed, use the --nodedir flag instead\n\n\n\n## Security Issues/Concerns\n\nAs should be the case with any security tool, this library should be scrutinized by anyone using it. If you find or suspect an issue with the code- please bring it to my attention and I\'ll spend some time trying to make sure that this tool is as secure as possible.\n\nTo make it easier for people using this tool to analyze what has been surveyed, here is a list of BCrypt related security issues/concerns as they\'ve come up.\n\n* An [issue with passwords][jtr] was found with a version of the Blowfish algorithm developed for John the Ripper. This is not present in the OpenBSD version and is thus not a problem for this module. HT [zooko][zooko].\n\n## Dependencies\n\n* NodeJS\n* `node-gyp`\n * Please check the dependencies for this tool at: https://github.com/TooTallNate/node-gyp/\n  * Windows users will need the options for c# and c++ installed with their visual studio instance.\n  * Python 2.x\n\n## Install via NPM\n```\nnpm install bcrypt\n```\n\n***Note:*** OS X users using Xcode 4.3.1 or above may need to run the following command in their terminal prior to installing if errors occur regarding xcodebuild: ```sudo xcode-select -switch /Applications/Xcode.app/Contents/Developer```\n\n## Usage\n\n### async (recommended)\n\nTo hash a password:\n\n```javascript\nvar bcrypt = require(\'bcrypt\');\nbcrypt.genSalt(10, function(err, salt) {\n    bcrypt.hash("B4c0/\\/", salt, function(err, hash) {\n        // Store hash in your password DB.\n    });\n});\n```\n\nTo check a password:\n\n```javascript\n// Load hash from your password DB.\nbcrypt.compare("B4c0/\\/", hash, function(err, res) {\n    // res == true\n});\nbcrypt.compare("not_bacon", hash, function(err, res) {\n    // res = false\n});\n```\n\nAuto-gen a salt and hash:\n\n```javascript\nbcrypt.hash(\'bacon\', 8, function(err, hash) {\n});\n```\n\n\n### sync\n\nTo hash a password:\n\n```javascript\nvar bcrypt = require(\'bcrypt\');\nvar salt = bcrypt.genSaltSync(10);\nvar hash = bcrypt.hashSync("B4c0/\\/", salt);\n// Store hash in your password DB.\n```\n\nTo check a password:\n\n```javascript\n// Load hash from your password DB.\nbcrypt.compareSync("B4c0/\\/", hash); // true\nbcrypt.compareSync("not_bacon", hash); // false\n```\n\nAuto-gen a salt and hash:\n\n```javascript\nvar hash = bcrypt.hashSync(\'bacon\', 8);\n```\n\n## API\n\n`BCrypt.`\n\n  * `genSaltSync(rounds)`\n    * `rounds` - [OPTIONAL] - the number of rounds to process the data for. (default - 10)\n  * `genSalt(rounds, cb)`\n    * `rounds` - [OPTIONAL] - the number of rounds to process the data for. (default - 10)\n    * `cb` - [REQUIRED] - a callback to be fired once the salt has been generated. uses eio making it asynchronous.\n      * `err` - First parameter to the callback detailing any errors.\n      * `salt` - Second parameter to the callback providing the generated salt.\n  * `hashSync(data, salt)`\n    * `data` - [REQUIRED] - the data to be encrypted.\n    * `salt` - [REQUIRED] - the salt to be used in encryption.\n  * `hash(data, salt, cb)`\n    * `data` - [REQUIRED] - the data to be encrypted.\n    * `salt` - [REQUIRED] - the salt to be used to hash the password. if specified as a number then a salt will be generated and used (see examples).\n    * `cb` - [REQUIRED] - a callback to be fired once the data has been encrypted. uses eio making it asynchronous.\n      * `err` - First parameter to the callback detailing any errors.\n      * `encrypted` - Second parameter to the callback providing the encrypted form.\n  * `compareSync(data, encrypted)`\n    * `data` - [REQUIRED] - data to compare.\n    * `encrypted` - [REQUIRED] - data to be compared to.\n  * `compare(data, encrypted, cb)`\n    * `data` - [REQUIRED] - data to compare.\n    * `encrypted` - [REQUIRED] - data to be compared to.\n    * `cb` - [REQUIRED] - a callback to be fired once the data has been compared. uses eio making it asynchronous.\n      * `err` - First parameter to the callback detailing any errors.\n      * `same` - Second parameter to the callback providing whether the data and encrypted forms match [true | false].\n  * `getRounds(encrypted)` - return the number of rounds used to encrypt a given hash\n    * `encrypted` - [REQUIRED] - hash from which the number of rounds used should be extracted.\n\n\n## Hash Info\n\nThe characters that comprise the resultant hash are `./ABCDEFGHIJKLMNOPQRSTUVWXYZabcdefghijklmnopqrstuvwxyz0123456789$`.\n\n## Testing\n\nIf you create a pull request, tests better pass :)\n\n```\nnpm install\nnpm test\n```\n\n## Credits\n\nThe code for this comes from a few sources:\n\n* blowfish.cc - OpenBSD\n* bcrypt.cc - OpenBSD\n* bcrypt::gen_salt - [gen_salt inclusion to bcrypt][bcryptgs]\n* bcrypt_node.cc - me\n\n## Contributors\n\n* [Antonio Salazar Cardozo][shadowfiend] - Early MacOS X support (when we used libbsd)\n* [Ben Glow][pixelglow] - Fixes for thread safety with async calls\n* [Van Nguyen][thegoleffect] - Found a timing attack in the comparator\n* [NewITFarmer][newitfarmer] - Initial Cygwin support\n* [David Trejo][dtrejo] - packaging fixes\n* [Alfred Westerveld][alfredwesterveld] - packaging fixes\n* [Vincent Côté-Roy][vincentr] - Testing around concurrency issues\n* [Lloyd Hilaiel][lloyd] - Documentation fixes\n* [Roman Shtylman][shtylman] - Code refactoring, general rot reduction, compile options, better memory management with delete and new, and an upgrade to libuv over eio/ev.\n* [Vadim Graboys][vadimg] - Code changes to support 0.5.5+\n* [Ben Noordhuis][bnoordhuis] - Fixed a thread safety issue in nodejs that was perfectly mappable to this module.\n* [Nate Rajlich][tootallnate] - Bindings and build process.\n* [Sean McArthur][seanmonstar] - Windows Support\n* [Fanie Oosthuysen][weareu] - Windows Support\n\n## License\nUnless stated elsewhere, file headers or otherwise, the license as stated in the LICENSE file.\n\n[bcryptwiki]: http://en.wikipedia.org/wiki/Bcrypt\n[bcryptgs]: http://mail-index.netbsd.org/tech-crypto/2002/05/24/msg000204.html\n[codahale]: http://codahale.com/how-to-safely-store-a-password/\n[gh13]: https://github.com/ncb000gt/node.bcrypt.js/issues/13\n[jtr]: http://www.openwall.com/lists/oss-security/2011/06/20/2\n\n[shadowfiend]:https://github.com/Shadowfiend\n[thegoleffect]:https://github.com/thegoleffect\n[pixelglow]:https://github.com/pixelglow\n[dtrejo]:https://github.com/dtrejo\n[alfredwesterveld]:https://github.com/alfredwesterveld\n[newitfarmer]:https://github.com/newitfarmer\n[zooko]:https://twitter.com/zooko\n[vincentr]:https://twitter.com/vincentcr\n[lloyd]:https://github.com/lloyd\n[shtylman]:https://github.com/shtylman\n[vadimg]:https://github.com/vadimg\n[bnoordhuis]:https://github.com/bnoordhuis\n[tootallnate]:https://github.com/tootallnate\n[seanmonstar]:https://github.com/seanmonstar\n[weareu]:https://github.com/weareu\n',
36 silly resolved     readmeFilename: 'README.md',
36 silly resolved     homepage: 'https://github.com/ncb000gt/node.bcrypt.js',
36 silly resolved     _id: 'bcrypt@0.7.8',
36 silly resolved     _from: 'bcrypt@' } ]
37 info install bcrypt@0.7.8 into C:\Users\osamah\AppData\Roaming\npm
38 info installOne bcrypt@0.7.8
39 info C:\Users\osamah\AppData\Roaming\npm\node_modules\bcrypt unbuild
40 verbose tar unpack C:\Users\osamah\AppData\Roaming\npm-cache\bcrypt\0.7.8\package.tgz
41 silly lockFile 57c526f5--Roaming-npm-node-modules-bcrypt tar://C:\Users\osamah\AppData\Roaming\npm\node_modules\bcrypt
42 verbose lock tar://C:\Users\osamah\AppData\Roaming\npm\node_modules\bcrypt C:\Users\osamah\AppData\Roaming\npm-cache\57c526f5--Roaming-npm-node-modules-bcrypt.lock
43 silly lockFile 7e0f7e5f-m-cache-bcrypt-0-7-8-package-tgz tar://C:\Users\osamah\AppData\Roaming\npm-cache\bcrypt\0.7.8\package.tgz
44 verbose lock tar://C:\Users\osamah\AppData\Roaming\npm-cache\bcrypt\0.7.8\package.tgz C:\Users\osamah\AppData\Roaming\npm-cache\7e0f7e5f-m-cache-bcrypt-0-7-8-package-tgz.lock
45 silly gunzTarPerm modes [ '755', '644' ]
46 silly gunzTarPerm extractEntry package.json
47 silly gunzTarPerm modified mode [ 'package.json', 438, 420 ]
48 silly gunzTarPerm extractEntry .npmignore
49 silly gunzTarPerm modified mode [ '.npmignore', 438, 420 ]
50 silly gunzTarPerm extractEntry README.md
51 silly gunzTarPerm modified mode [ 'README.md', 438, 420 ]
52 silly gunzTarPerm extractEntry LICENSE
53 silly gunzTarPerm modified mode [ 'LICENSE', 438, 420 ]
54 silly gunzTarPerm extractEntry bcrypt.js
55 silly gunzTarPerm modified mode [ 'bcrypt.js', 438, 420 ]
56 silly gunzTarPerm extractEntry Makefile
57 silly gunzTarPerm modified mode [ 'Makefile', 438, 420 ]
58 silly gunzTarPerm extractEntry .travis.yml
59 silly gunzTarPerm modified mode [ '.travis.yml', 438, 420 ]
60 silly gunzTarPerm extractEntry binding.gyp
61 silly gunzTarPerm modified mode [ 'binding.gyp', 438, 420 ]
62 silly gunzTarPerm extractEntry examples/async_compare.js
63 silly gunzTarPerm modified mode [ 'examples/async_compare.js', 438, 420 ]
64 silly gunzTarPerm extractEntry examples/forever_gen_salt.js
65 silly gunzTarPerm modified mode [ 'examples/forever_gen_salt.js', 438, 420 ]
66 silly gunzTarPerm extractEntry CHANGELOG
67 silly gunzTarPerm modified mode [ 'CHANGELOG', 438, 420 ]
68 silly gunzTarPerm extractEntry src/bcrypt.cc
69 silly gunzTarPerm modified mode [ 'src/bcrypt.cc', 438, 420 ]
70 silly gunzTarPerm extractEntry src/bcrypt_node.cc
71 silly gunzTarPerm modified mode [ 'src/bcrypt_node.cc', 438, 420 ]
72 silly gunzTarPerm extractEntry src/blowfish.cc
73 silly gunzTarPerm modified mode [ 'src/blowfish.cc', 438, 420 ]
74 silly gunzTarPerm extractEntry src/node_blf.h
75 silly gunzTarPerm modified mode [ 'src/node_blf.h', 438, 420 ]
76 silly gunzTarPerm extractEntry test/async.js
77 silly gunzTarPerm modified mode [ 'test/async.js', 438, 420 ]
78 silly gunzTarPerm extractEntry test/repetitions.js
79 silly gunzTarPerm modified mode [ 'test/repetitions.js', 438, 420 ]
80 silly gunzTarPerm extractEntry test/sync.js
81 silly gunzTarPerm modified mode [ 'test/sync.js', 438, 420 ]
82 silly lockFile 57c526f5--Roaming-npm-node-modules-bcrypt tar://C:\Users\osamah\AppData\Roaming\npm\node_modules\bcrypt
83 silly lockFile 57c526f5--Roaming-npm-node-modules-bcrypt tar://C:\Users\osamah\AppData\Roaming\npm\node_modules\bcrypt
84 silly lockFile 7e0f7e5f-m-cache-bcrypt-0-7-8-package-tgz tar://C:\Users\osamah\AppData\Roaming\npm-cache\bcrypt\0.7.8\package.tgz
85 silly lockFile 7e0f7e5f-m-cache-bcrypt-0-7-8-package-tgz tar://C:\Users\osamah\AppData\Roaming\npm-cache\bcrypt\0.7.8\package.tgz
86 info preinstall bcrypt@0.7.8
87 verbose readDependencies using package.json deps
88 verbose readDependencies using package.json deps
89 verbose cache add [ 'bindings@1.0.0', null ]
90 verbose cache add name=undefined spec="bindings@1.0.0" args=["bindings@1.0.0",null]
91 verbose parsed url { protocol: null,
91 verbose parsed url   slashes: null,
91 verbose parsed url   auth: null,
91 verbose parsed url   host: null,
91 verbose parsed url   port: null,
91 verbose parsed url   hostname: null,
91 verbose parsed url   hash: null,
91 verbose parsed url   search: null,
91 verbose parsed url   query: null,
91 verbose parsed url   pathname: 'bindings@1.0.0',
91 verbose parsed url   path: 'bindings@1.0.0',
91 verbose parsed url   href: 'bindings@1.0.0' }
92 verbose cache add name="bindings" spec="1.0.0" args=["bindings","1.0.0"]
93 verbose parsed url { protocol: null,
93 verbose parsed url   slashes: null,
93 verbose parsed url   auth: null,
93 verbose parsed url   host: null,
93 verbose parsed url   port: null,
93 verbose parsed url   hostname: null,
93 verbose parsed url   hash: null,
93 verbose parsed url   search: null,
93 verbose parsed url   query: null,
93 verbose parsed url   pathname: '1.0.0',
93 verbose parsed url   path: '1.0.0',
93 verbose parsed url   href: '1.0.0' }
94 verbose addNamed [ 'bindings', '1.0.0' ]
95 verbose addNamed [ '1.0.0', '1.0.0' ]
96 silly lockFile f01e5454-bindings-1-0-0 bindings@1.0.0
97 verbose lock bindings@1.0.0 C:\Users\osamah\AppData\Roaming\npm-cache\f01e5454-bindings-1-0-0.lock
98 verbose url raw bindings/1.0.0
99 verbose url resolving [ 'https://registry.npmjs.org/', './bindings/1.0.0' ]
100 verbose url resolved https://registry.npmjs.org/bindings/1.0.0
101 info trying registry request attempt 1 at 16:18:26
102 verbose etag "E0IA1FYM49RE7QMJZQ0COSZ85"
103 http GET https://registry.npmjs.org/bindings/1.0.0
104 http 304 https://registry.npmjs.org/bindings/1.0.0
105 silly registry.get cb [ 304,
105 silly registry.get   { date: 'Mon, 28 Apr 2014 20:18:27 GMT',
105 silly registry.get     server: 'Apache',
105 silly registry.get     via: '1.1 varnish',
105 silly registry.get     'last-modified': 'Mon, 28 Apr 2014 20:18:27 GMT',
105 silly registry.get     'cache-control': 'max-age=1',
105 silly registry.get     etag: '"E0IA1FYM49RE7QMJZQ0COSZ85"',
105 silly registry.get     'x-served-by': 'cache-jfk1021-JFK',
105 silly registry.get     'x-cache': 'HIT',
105 silly registry.get     'x-cache-hits': '1',
105 silly registry.get     'x-timer': 'S1398716307.509478569,VS0,VE100',
105 silly registry.get     vary: 'Accept',
105 silly registry.get     'content-length': '0',
105 silly registry.get     'keep-alive': 'timeout=10, max=50',
105 silly registry.get     connection: 'Keep-Alive' } ]
106 verbose etag bindings/1.0.0 from cache
107 silly lockFile f01e5454-bindings-1-0-0 bindings@1.0.0
108 silly lockFile f01e5454-bindings-1-0-0 bindings@1.0.0
109 silly resolved [ { name: 'bindings',
109 silly resolved     description: 'Helper module for loading your native module\'s .node file',
109 silly resolved     keywords: [ 'native', 'addon', 'bindings', 'gyp', 'waf', 'c', 'c++' ],
109 silly resolved     version: '1.0.0',
109 silly resolved     author:
109 silly resolved      { name: 'Nathan Rajlich',
109 silly resolved        email: 'nathan@tootallnate.net',
109 silly resolved        url: 'http://tootallnate.net' },
109 silly resolved     repository:
109 silly resolved      { type: 'git',
109 silly resolved        url: 'git://github.com/TooTallNate/node-bindings.git' },
109 silly resolved     main: './bindings.js',
109 silly resolved     readme: 'node-bindings\n=============\n### Helper module for loading your native module\'s .node file\n\nThis is a helper module for authors of Node.js native addon modules.\nIt is basically the "swiss army knife" of `require()`ing your native module\'s\n`.node` file.\n\nThroughout the course of Node\'s native addon history, addons have ended up being\ncompiled in a variety of different places, depending on which build tool and which\nversion of node was used. To make matters worse, now the _gyp_ build tool can\nproduce either a _Release_ or _Debug_ build, each being built into different\nlocations.\n\nThis module checks _all_ the possible locations that a native addon would be built\nat, and returns the first one that loads successfully.\n\n\nInstallation\n------------\n\nInstall with `npm`:\n\n``` bash\n$ npm install bindings\n```\n\nOr add it to the `"dependencies"` section of your _package.json_ file.\n\n\nExample\n-------\n\n`require()`ing the proper bindings file for the current node version, platform\nand architecture is as simple as:\n\n``` js\nvar bindings = require(\'bindings\')(\'binding.node\')\n\n// Use your bindings defined in your C files\nbindings.your_c_function()\n```\n\n\nNice Error Output\n-----------------\n\nWhen the `.node` file could not be loaded, `node-bindings` throws an Error with\na nice error message telling you exactly what was tried. You can also check the\n`err.tries` Array property.\n\n```\nError: Could not load the bindings file. Tried:\n → /Users/nrajlich/ref/build/binding.node\n → /Users/nrajlich/ref/build/Debug/binding.node\n → /Users/nrajlich/ref/build/Release/binding.node\n → /Users/nrajlich/ref/out/Debug/binding.node\n → /Users/nrajlich/ref/Debug/binding.node\n → /Users/nrajlich/ref/out/Release/binding.node\n → /Users/nrajlich/ref/Release/binding.node\n → /Users/nrajlich/ref/build/default/binding.node\n → /Users/nrajlich/ref/compiled/0.8.2/darwin/x64/binding.node\n    at bindings (/Users/nrajlich/ref/node_modules/bindings/bindings.js:84:13)\n    at Object.<anonymous> (/Users/nrajlich/ref/lib/ref.js:5:47)\n    at Module._compile (module.js:449:26)\n    at Object.Module._extensions..js (module.js:467:10)\n    at Module.load (module.js:356:32)\n    at Function.Module._load (module.js:312:12)\n    ...\n```\n\n\nLicense\n-------\n\n(The MIT License)\n\nCopyright (c) 2012 Nathan Rajlich &lt;nathan@tootallnate.net&gt;\n\nPermission is hereby granted, free of charge, to any person obtaining\na copy of this software and associated documentation files (the\n\'Software\'), to deal in the Software without restriction, including\nwithout limitation the rights to use, copy, modify, merge, publish,\ndistribute, sublicense, and/or sell copies of the Software, and to\npermit persons to whom the Software is furnished to do so, subject to\nthe following conditions:\n\nThe above copyright notice and this permission notice shall be\nincluded in all copies or substantial portions of the Software.\n\nTHE SOFTWARE IS PROVIDED \'AS IS\', WITHOUT WARRANTY OF ANY KIND,\nEXPRESS OR IMPLIED, INCLUDING BUT NOT LIMITED TO THE WARRANTIES OF\nMERCHANTABILITY, FITNESS FOR A PARTICULAR PURPOSE AND NONINFRINGEMENT.\nIN NO EVENT SHALL THE AUTHORS OR COPYRIGHT HOLDERS BE LIABLE FOR ANY\nCLAIM, DAMAGES OR OTHER LIABILITY, WHETHER IN AN ACTION OF CONTRACT,\nTORT OR OTHERWISE, ARISING FROM, OUT OF OR IN CONNECTION WITH THE\nSOFTWARE OR THE USE OR OTHER DEALINGS IN THE SOFTWARE.\n',
109 silly resolved     readmeFilename: 'README.md',
109 silly resolved     bugs: { url: 'https://github.com/TooTallNate/node-bindings/issues' },
109 silly resolved     homepage: 'https://github.com/TooTallNate/node-bindings',
109 silly resolved     _id: 'bindings@1.0.0',
109 silly resolved     _from: 'bindings@1.0.0' } ]
110 info install bindings@1.0.0 into C:\Users\osamah\AppData\Roaming\npm\node_modules\bcrypt
111 info installOne bindings@1.0.0
112 info C:\Users\osamah\AppData\Roaming\npm\node_modules\bcrypt\node_modules\bindings unbuild
113 verbose tar unpack C:\Users\osamah\AppData\Roaming\npm-cache\bindings\1.0.0\package.tgz
114 silly lockFile 5de108a1-les-bcrypt-node-modules-bindings tar://C:\Users\osamah\AppData\Roaming\npm\node_modules\bcrypt\node_modules\bindings
115 verbose lock tar://C:\Users\osamah\AppData\Roaming\npm\node_modules\bcrypt\node_modules\bindings C:\Users\osamah\AppData\Roaming\npm-cache\5de108a1-les-bcrypt-node-modules-bindings.lock
116 silly lockFile 6320d0dc-cache-bindings-1-0-0-package-tgz tar://C:\Users\osamah\AppData\Roaming\npm-cache\bindings\1.0.0\package.tgz
117 verbose lock tar://C:\Users\osamah\AppData\Roaming\npm-cache\bindings\1.0.0\package.tgz C:\Users\osamah\AppData\Roaming\npm-cache\6320d0dc-cache-bindings-1-0-0-package-tgz.lock
118 silly gunzTarPerm modes [ '755', '644' ]
119 silly gunzTarPerm extractEntry package.json
120 silly gunzTarPerm modified mode [ 'package.json', 438, 420 ]
121 silly gunzTarPerm extractEntry README.md
122 silly gunzTarPerm modified mode [ 'README.md', 438, 420 ]
123 silly gunzTarPerm extractEntry bindings.js
124 silly gunzTarPerm modified mode [ 'bindings.js', 438, 420 ]
125 silly lockFile 5de108a1-les-bcrypt-node-modules-bindings tar://C:\Users\osamah\AppData\Roaming\npm\node_modules\bcrypt\node_modules\bindings
126 silly lockFile 5de108a1-les-bcrypt-node-modules-bindings tar://C:\Users\osamah\AppData\Roaming\npm\node_modules\bcrypt\node_modules\bindings
127 silly lockFile 6320d0dc-cache-bindings-1-0-0-package-tgz tar://C:\Users\osamah\AppData\Roaming\npm-cache\bindings\1.0.0\package.tgz
128 silly lockFile 6320d0dc-cache-bindings-1-0-0-package-tgz tar://C:\Users\osamah\AppData\Roaming\npm-cache\bindings\1.0.0\package.tgz
129 info preinstall bindings@1.0.0
130 verbose readDependencies using package.json deps
131 verbose readDependencies using package.json deps
132 silly resolved []
133 verbose about to build C:\Users\osamah\AppData\Roaming\npm\node_modules\bcrypt\node_modules\bindings
134 info build C:\Users\osamah\AppData\Roaming\npm\node_modules\bcrypt\node_modules\bindings
135 verbose linkStuff [ true,
135 verbose linkStuff   'C:\\Users\\osamah\\AppData\\Roaming\\npm\\node_modules',
135 verbose linkStuff   false,
135 verbose linkStuff   'C:\\Users\\osamah\\AppData\\Roaming\\npm\\node_modules\\bcrypt\\node_modules' ]
136 info linkStuff bindings@1.0.0
137 verbose linkBins bindings@1.0.0
138 verbose linkMans bindings@1.0.0
139 verbose rebuildBundles bindings@1.0.0
140 info install bindings@1.0.0
141 info postinstall bindings@1.0.0
142 verbose about to build C:\Users\osamah\AppData\Roaming\npm\node_modules\bcrypt
143 info build C:\Users\osamah\AppData\Roaming\npm\node_modules\bcrypt
144 verbose linkStuff [ true,
144 verbose linkStuff   'C:\\Users\\osamah\\AppData\\Roaming\\npm\\node_modules',
144 verbose linkStuff   true,
144 verbose linkStuff   'C:\\Users\\osamah\\AppData\\Roaming\\npm\\node_modules' ]
145 info linkStuff bcrypt@0.7.8
146 verbose linkBins bcrypt@0.7.8
147 verbose linkMans bcrypt@0.7.8
148 verbose rebuildBundles bcrypt@0.7.8
149 verbose rebuildBundles [ 'bindings' ]
150 info install bcrypt@0.7.8
151 verbose unsafe-perm in lifecycle true
152 info bcrypt@0.7.8 Failed to exec install script
153 info C:\Users\osamah\AppData\Roaming\npm\node_modules\bcrypt unbuild
154 info preuninstall bcrypt@0.7.8
155 info uninstall bcrypt@0.7.8
156 verbose true,C:\Users\osamah\AppData\Roaming\npm\node_modules,C:\Users\osamah\AppData\Roaming\npm\node_modules unbuild bcrypt@0.7.8
157 info postuninstall bcrypt@0.7.8
158 error bcrypt@0.7.8 install: `node-gyp rebuild`
158 error Exit status 1
159 error Failed at the bcrypt@0.7.8 install script.
159 error This is most likely a problem with the bcrypt package,
159 error not with npm itself.
159 error Tell the author that this fails on your system:
159 error     node-gyp rebuild
159 error You can get their info via:
159 error     npm owner ls bcrypt
159 error There is likely additional logging output above.
160 error System Windows_NT 6.2.9200
161 error command "C:\\Program Files (x86)\\nodejs\\\\node.exe" "C:\\Program Files (x86)\\nodejs\\node_modules\\npm\\bin\\npm-cli.js" "install" "-g" "bcrypt"
162 error cwd C:\Users\osamah\Dropbox\iTechdom\itechdom-admin
163 error node -v v0.10.26
164 error npm -v 1.4.3
165 error code ELIFECYCLE
166 verbose exit [ 1, true ]
